<?xml version="1.0" encoding="UTF-8"?>
<!-- Generated by org.testng.reporters.JUnitXMLReporter -->
<testsuite hostname="DESKTOP-HKNTGCF" ignored="0" name="Test" tests="3" failures="2" timestamp="04 May 2020 11:09:48 GMT" time="0.098" errors="0">
  <testcase name="abc" time="0.027" classname="com.ebanking.master.sampleNG">
    <failure type="java.lang.AssertionError" message="expected [testng] but found [Mindq]">
      <![CDATA[java.lang.AssertionError: expected [testng] but found [Mindq]
at com.ebanking.master.sampleNG.abc(sampleNG.java:17)
... Removed 31 stack frames]]>
    </failure>
  </testcase> <!-- abc -->
  <testcase name="pqr" time="0.004" classname="com.ebanking.master.sampleNG">
    <failure type="java.lang.AssertionError" message="expected [selenium] but found [manual]">
      <![CDATA[java.lang.AssertionError: expected [selenium] but found [manual]
at com.ebanking.master.sampleNG.pqr(sampleNG.java:23)
... Removed 31 stack frames]]>
    </failure>
  </testcase> <!-- pqr -->
  <testcase name="xyz" time="0.002" classname="com.ebanking.master.sampleNG"/>
</testsuite> <!-- Test -->
